GROUP,PACKAGE,CLASS,INSTRUCTION_MISSED,INSTRUCTION_COVERED,BRANCH_MISSED,BRANCH_COVERED,LINE_MISSED,LINE_COVERED,COMPLEXITY_MISSED,COMPLEXITY_COVERED,METHOD_MISSED,METHOD_COVERED
shu_book,com.iteratrlearning.shu_book.chapter_06.web_adapter,ChatClient2.new WebSocketClient() {...},118,0,0,0,23,0,5,0,5,0
shu_book,com.iteratrlearning.shu_book.chapter_06.web_adapter,ChatClient2.new WindowAdapter() {...},18,0,2,0,5,0,3,0,2,0
shu_book,com.iteratrlearning.shu_book.chapter_06.web_adapter,TcpIpMultichatClient.ClientSender,46,0,4,0,13,0,4,0,2,0
shu_book,com.iteratrlearning.shu_book.chapter_06.web_adapter,TcpIpMultichatClient,51,0,2,0,14,0,3,0,2,0
shu_book,com.iteratrlearning.shu_book.chapter_06.web_adapter,ChatClient.new WebSocketClient() {...},118,0,0,0,23,0,5,0,5,0
shu_book,com.iteratrlearning.shu_book.chapter_06.web_adapter,ChatClient.new WindowAdapter() {...},18,0,2,0,5,0,3,0,2,0
shu_book,com.iteratrlearning.shu_book.chapter_06.web_adapter,TcpIpMultichatClient.ClientReceiver,27,0,2,0,9,0,3,0,2,0
shu_book,com.iteratrlearning.shu_book.chapter_06.web_adapter,BufferedReaderEx,34,0,2,0,10,0,3,0,2,0
shu_book,com.iteratrlearning.shu_book.chapter_06.web_adapter,ChatClient2,252,0,10,0,59,0,8,0,3,0
shu_book,com.iteratrlearning.shu_book.chapter_06.web_adapter,TwootrServer,87,0,0,0,24,0,7,0,7,0
shu_book,com.iteratrlearning.shu_book.chapter_06.web_adapter,TcpIpMultichatServer.ServerReceiver,90,0,2,0,19,0,3,0,2,0
shu_book,com.iteratrlearning.shu_book.chapter_06.web_adapter,ChatServer,124,0,4,0,43,0,12,0,10,0
shu_book,com.iteratrlearning.shu_book.chapter_06.web_adapter,TcpIpMultichatServer,74,0,2,0,24,0,5,0,4,0
shu_book,com.iteratrlearning.shu_book.chapter_06.web_adapter,ChatClient,252,0,10,0,59,0,8,0,3,0
shu_book,com.iteratrlearning.shu_book.chapter_06.web_adapter,WebSocketEndPoint,152,0,7,0,35,0,11,0,6,0
shu_book,com.iteratrlearning.shu_book,App,7,0,0,0,3,0,2,0,2,0
shu_book,com.iteratrlearning.shu_book.chapter_06.in_memory,InMemoryTwootRepository,35,88,8,2,10,26,5,10,1,9
shu_book,com.iteratrlearning.shu_book.chapter_06.in_memory,InMemoryUserRepository,0,36,0,2,0,9,0,8,0,7
shu_book,com.iteratrlearning.shu_book.chapter_02,BankStatementDAO,19,0,0,0,5,0,5,0,5,0
shu_book,com.iteratrlearning.shu_book.chapter_02,BankStatementProcessor,79,0,10,0,20,0,9,0,4,0
shu_book,com.iteratrlearning.shu_book.chapter_02,BankTransaction,67,21,12,0,8,8,9,4,3,4
shu_book,com.iteratrlearning.shu_book.chapter_02,BankStatementFullParser,15,0,0,0,4,0,4,0,4,0
shu_book,com.iteratrlearning.shu_book.chapter_02,BankStatementAnalyzer,48,0,0,0,16,0,3,0,3,0
shu_book,com.iteratrlearning.shu_book.chapter_02,BankStatementAnalyzerProblematic,86,0,6,0,21,0,6,0,3,0
shu_book,com.iteratrlearning.shu_book.chapter_02,BankStatementAnalyzerSimple,45,0,2,0,11,0,3,0,2,0
shu_book,com.iteratrlearning.shu_book.chapter_02,BankStatementAnalyzerSRP,55,0,0,0,12,0,5,0,5,0
shu_book,com.iteratrlearning.shu_book.chapter_02,MainApplication,16,0,0,0,5,0,2,0,2,0
shu_book,com.iteratrlearning.shu_book.chapter_02,BankStatementCSVParser,9,31,0,0,1,6,1,3,1,3
shu_book,com.iteratrlearning.shu_book.chapter_06.database,StatementRunner,6,54,0,2,2,18,0,8,0,7
shu_book,com.iteratrlearning.shu_book.chapter_06.database,DatabaseConnection,9,10,0,0,3,4,1,2,1,2
shu_book,com.iteratrlearning.shu_book.chapter_06.database,DatabaseTwootRepository,31,190,3,5,7,50,3,15,1,13
shu_book,com.iteratrlearning.shu_book.chapter_06.database,DatabaseUserRepository,6,230,1,5,2,61,1,16,0,14
shu_book,com.iteratrlearning.shu_book.chapter_05,Rule,19,0,2,0,7,0,3,0,2,0
shu_book,com.iteratrlearning.shu_book.chapter_05,Inspector,0,40,0,2,0,10,0,3,0,2
shu_book,com.iteratrlearning.shu_book.chapter_05,RuleBuilder,18,0,0,0,5,0,3,0,3,0
shu_book,com.iteratrlearning.shu_book.chapter_05,Stage,27,0,0,0,2,0,1,0,1,0
shu_book,com.iteratrlearning.shu_book.chapter_05,BusinessRuleEngine,28,0,0,0,8,0,4,0,4,0
shu_book,com.iteratrlearning.shu_book.chapter_05,Main,46,0,0,0,14,0,4,0,4,0
shu_book,com.iteratrlearning.shu_book.chapter_05,SwitchExpressions,31,0,5,0,10,0,6,0,2,0
shu_book,com.iteratrlearning.shu_book.chapter_05,Diagnosis,14,15,0,0,3,6,3,2,3,2
shu_book,com.iteratrlearning.shu_book.chapter_05,Facts,0,21,0,0,0,5,0,3,0,3
shu_book,com.iteratrlearning.shu_book.chapter_06,KeyGenerator,3,25,0,0,1,6,1,3,1,3
shu_book,com.iteratrlearning.shu_book.chapter_06,FollowStatus,0,21,0,0,0,4,0,1,0,1
shu_book,com.iteratrlearning.shu_book.chapter_06,DeleteStatus,0,21,0,0,0,4,0,1,0,1
shu_book,com.iteratrlearning.shu_book.chapter_06,Twoot,16,74,2,6,2,19,4,9,2,7
shu_book,com.iteratrlearning.shu_book.chapter_06,RegistrationStatus,0,15,0,0,0,3,0,1,0,1
shu_book,com.iteratrlearning.shu_book.chapter_06,Position,10,46,3,5,2,10,5,6,2,5
shu_book,com.iteratrlearning.shu_book.chapter_06,TwootQuery,0,38,0,4,0,9,0,9,0,7
shu_book,com.iteratrlearning.shu_book.chapter_06,User,6,95,1,5,2,29,2,14,1,12
shu_book,com.iteratrlearning.shu_book.chapter_06,SenderEndPoint,0,52,0,0,0,13,0,5,0,5
shu_book,com.iteratrlearning.shu_book.chapter_06,Twootr,0,176,0,6,0,44,0,15,0,12
shu_book,com.iteratrlearning.shu_book.chapter_03,HtmlExporter,48,0,0,0,14,0,2,0,2,0
shu_book,com.iteratrlearning.shu_book.chapter_03,BankTransaction,65,23,11,1,8,8,9,4,3,4
shu_book,com.iteratrlearning.shu_book.chapter_03,MainApplication,21,0,0,0,6,0,2,0,2,0
shu_book,com.iteratrlearning.shu_book.chapter_03,SummaryStatistics,27,0,0,0,10,0,5,0,5,0
shu_book,com.iteratrlearning.shu_book.chapter_03,BankStatementAnalyzer,30,0,0,0,8,0,2,0,2,0
shu_book,com.iteratrlearning.shu_book.chapter_03,BankStatementProcessor,72,32,6,4,17,9,9,4,6,2
shu_book,com.iteratrlearning.shu_book.chapter_03,BankStatementCSVParser,40,0,0,0,7,0,4,0,4,0
shu_book,com.iteratrlearning.shu_book.chapter_04,TextFile,0,95,1,7,0,21,1,7,0,4
shu_book,com.iteratrlearning.shu_book.chapter_04,UnknownFileTypeException,0,4,0,0,0,2,0,1,0,1
shu_book,com.iteratrlearning.shu_book.chapter_04,ImageImporter,0,40,0,0,0,8,0,2,0,2
shu_book,com.iteratrlearning.shu_book.chapter_04,Document,0,12,0,0,0,4,0,2,0,2
shu_book,com.iteratrlearning.shu_book.chapter_04,DocumentManagementSystem,12,118,2,6,2,27,2,6,0,4
shu_book,com.iteratrlearning.shu_book.chapter_04,LetterImporter,0,43,0,0,0,8,0,3,0,3
shu_book,com.iteratrlearning.shu_book.chapter_04,Query,0,61,0,4,0,12,0,9,0,7
shu_book,com.iteratrlearning.shu_book.chapter_04,Attributes,3,0,0,0,1,0,1,0,1,0
shu_book,com.iteratrlearning.shu_book.chapter_04,InvoiceImporter,0,29,0,0,0,7,0,2,0,2
shu_book,com.iteratrlearning.shu_book.chapter_04,ReportImporter,0,33,0,0,0,7,0,3,0,3
shu_book,com.iteratrlearning.shu_book.chapter_06.examples,Reduce,43,0,0,0,8,0,3,0,3,0
shu_book,com.iteratrlearning.shu_book.chapter_06.examples,Point,60,0,10,0,14,0,10,0,5,0
shu_book,com.iteratrlearning.shu_book.chapter_06.examples,PrintingEndPointSnippets,18,0,0,0,5,0,3,0,3,0
shu_book,com.iteratrlearning.shu_book.chapter_06.examples,PrintingEndPointSnippets.new ReceiverEndPoint() {...},11,0,0,0,3,0,2,0,2,0
shu_book,com.iteratrlearning.shu_book.chapter_06.examples,PrintingEndPoint,11,0,0,0,3,0,2,0,2,0
