<?xml version="1.0" encoding="UTF-8"?>
<testsuite xmlns:xsi="http://www.w3.org/2001/XMLSchema-instance" xsi:noNamespaceSchemaLocation="https://maven.apache.org/surefire/maven-surefire-plugin/xsd/surefire-test-report-3.0.xsd" version="3.0" name="com.iteratrlearning.shu_book.chapter_02.BankTransactionCSVParserTest" time="0.031" tests="1" errors="0" skipped="0" failures="0">
  <properties>
[...]
</properties>
  <testcase name="shouldParseOneCorrectLine" classname="com.iteratrlearning.shu_book.chapter_02.BankTransactionCSVParserTest" time="0.008"/>
</testsuite>